# JRE version: Java(TM) SE Runtime Environment (17.0.12+8) (build 17.0.12+8-LTS-286)
# Java VM: Java HotSpot(TM) 64-Bit Server VM (17.0.12+8-LTS-286, mixed mode, sharing, tiered, compressed oops, compressed class ptrs, g1 gc, windows-amd64)
GC Precious Log:
 CPUs: 12 total, 12 available
 Memory: 16108M
 Large Page Support: Disabled
 NUMA Support: Disabled
 Compressed Oops: Enabled (32-bit)
 Heap Region Size: 1M
 Heap Min Capacity: 8M
 Heap Initial Capacity: 252M
 Heap Max Capacity: 2G
 Pre-touch: Disabled
 Parallel Workers: 10
 Concurrent Workers: 3
 Concurrent Refinement Workers: 10
 Periodic GC: Disabled
Heap:
 garbage-first heap   total 107520K, used 85245K [0x0000000080000000, 0x0000000100000000)
  region size 1024K, 27 young (27648K), 2 survivors (2048K)
 Metaspace       used 63557K, committed 64256K, reserved 491520K
  class space    used 9032K, committed 9344K, reserved 425984K
GC Heap History (20 events):
Event: 8.121 GC heap before
{Heap before GC invocations=11 (full 0):
 garbage-first heap   total 86016K, used 65492K [0x0000000080000000, 0x0000000100000000)
  region size 1024K, 33 young (33792K), 3 survivors (3072K)
 Metaspace       used 40108K, committed 40704K, reserved 491520K
  class space    used 5538K, committed 5824K, reserved 425984K
}
Event: 8.124 GC heap after
{Heap after GC invocations=12 (full 0):
 garbage-first heap   total 103424K, used 35850K [0x0000000080000000, 0x0000000100000000)
  region size 1024K, 4 young (4096K), 4 survivors (4096K)
 Metaspace       used 40108K, committed 40704K, reserved 491520K
  class space    used 5538K, committed 5824K, reserved 425984K
}
Event: 8.731 GC heap before
{Heap before GC invocations=12 (full 0):
 garbage-first heap   total 103424K, used 79882K [0x0000000080000000, 0x0000000100000000)
  region size 1024K, 47 young (48128K), 4 survivors (4096K)
 Metaspace       used 44320K, committed 44928K, reserved 491520K
  class space    used 6226K, committed 6464K, reserved 425984K
}
Event: 8.735 GC heap after
{Heap after GC invocations=13 (full 0):
 garbage-first heap   total 103424K, used 37774K [0x0000000080000000, 0x0000000100000000)
  region size 1024K, 5 young (5120K), 5 survivors (5120K)
 Metaspace       used 44320K, committed 44928K, reserved 491520K
  class space    used 6226K, committed 6464K, reserved 425984K
}
Event: 10.285 GC heap before
{Heap before GC invocations=13 (full 0):
 garbage-first heap   total 103424K, used 81806K [0x0000000080000000, 0x0000000100000000)
  region size 1024K, 48 young (49152K), 5 survivors (5120K)
 Metaspace       used 48638K, committed 49280K, reserved 491520K
  class space    used 6814K, committed 7104K, reserved 425984K
}
Event: 10.290 GC heap after
{Heap after GC invocations=14 (full 0):
 garbage-first heap   total 103424K, used 39924K [0x0000000080000000, 0x0000000100000000)
  region size 1024K, 5 young (5120K), 5 survivors (5120K)
 Metaspace       used 48638K, committed 49280K, reserved 491520K
  class space    used 6814K, committed 7104K, reserved 425984K
}
Event: 10.726 GC heap before
{Heap before GC invocations=14 (full 0):
 garbage-first heap   total 103424K, used 81908K [0x0000000080000000, 0x0000000100000000)
  region size 1024K, 46 young (47104K), 5 survivors (5120K)
 Metaspace       used 51264K, committed 51840K, reserved 491520K
  class space    used 7222K, committed 7488K, reserved 425984K
}
Event: 10.731 GC heap after
{Heap after GC invocations=15 (full 0):
 garbage-first heap   total 103424K, used 42238K [0x0000000080000000, 0x0000000100000000)
  region size 1024K, 5 young (5120K), 5 survivors (5120K)
 Metaspace       used 51264K, committed 51840K, reserved 491520K
  class space    used 7222K, committed 7488K, reserved 425984K
}
Event: 11.525 GC heap before
{Heap before GC invocations=15 (full 0):
 garbage-first heap   total 103424K, used 83198K [0x0000000080000000, 0x0000000100000000)
  region size 1024K, 45 young (46080K), 5 survivors (5120K)
 Metaspace       used 53584K, committed 54272K, reserved 491520K
  class space    used 7553K, committed 7872K, reserved 425984K
}
Event: 11.529 GC heap after
{Heap after GC invocations=16 (full 0):
 garbage-first heap   total 103424K, used 45627K [0x0000000080000000, 0x0000000100000000)
  region size 1024K, 6 young (6144K), 6 survivors (6144K)
 Metaspace       used 53584K, committed 54272K, reserved 491520K
  class space    used 7553K, committed 7872K, reserved 425984K
}
Event: 12.057 GC heap before
{Heap before GC invocations=16 (full 0):
 garbage-first heap   total 103424K, used 88635K [0x0000000080000000, 0x0000000100000000)
  region size 1024K, 42 young (43008K), 6 survivors (6144K)
 Metaspace       used 56450K, committed 57088K, reserved 491520K
  class space    used 7926K, committed 8192K, reserved 425984K
}
Event: 12.062 GC heap after
{Heap after GC invocations=17 (full 0):
 garbage-first heap   total 103424K, used 56398K [0x0000000080000000, 0x0000000100000000)
  region size 1024K, 6 young (6144K), 6 survivors (6144K)
 Metaspace       used 56450K, committed 57088K, reserved 491520K
  class space    used 7926K, committed 8192K, reserved 425984K
}
Event: 12.285 GC heap before
{Heap before GC invocations=17 (full 0):
 garbage-first heap   total 103424K, used 80974K [0x0000000080000000, 0x0000000100000000)
  region size 1024K, 30 young (30720K), 6 survivors (6144K)
 Metaspace       used 58139K, committed 58816K, reserved 491520K
  class space    used 8193K, committed 8512K, reserved 425984K
}
Event: 12.288 GC heap after
{Heap after GC invocations=18 (full 0):
 garbage-first heap   total 103424K, used 57647K [0x0000000080000000, 0x0000000100000000)
  region size 1024K, 2 young (2048K), 2 survivors (2048K)
 Metaspace       used 58139K, committed 58816K, reserved 491520K
  class space    used 8193K, committed 8512K, reserved 425984K
}
Event: 12.576 GC heap before
{Heap before GC invocations=19 (full 0):
 garbage-first heap   total 103424K, used 83247K [0x0000000080000000, 0x0000000100000000)
  region size 1024K, 27 young (27648K), 2 survivors (2048K)
 Metaspace       used 59818K, committed 60480K, reserved 491520K
  class space    used 8437K, committed 8704K, reserved 425984K
}
Event: 12.579 GC heap after
{Heap after GC invocations=20 (full 0):
 garbage-first heap   total 103424K, used 58199K [0x0000000080000000, 0x0000000100000000)
  region size 1024K, 2 young (2048K), 2 survivors (2048K)
 Metaspace       used 59818K, committed 60480K, reserved 491520K
  class space    used 8437K, committed 8704K, reserved 425984K
}
Event: 12.622 GC heap before
{Heap before GC invocations=20 (full 0):
 garbage-first heap   total 103424K, used 61271K [0x0000000080000000, 0x0000000100000000)
  region size 1024K, 5 young (5120K), 2 survivors (2048K)
 Metaspace       used 60056K, committed 60736K, reserved 491520K
  class space    used 8479K, committed 8768K, reserved 425984K
}
Event: 12.624 GC heap after
{Heap after GC invocations=21 (full 0):
 garbage-first heap   total 103424K, used 57671K [0x0000000080000000, 0x0000000100000000)
  region size 1024K, 1 young (1024K), 1 survivors (1024K)
 Metaspace       used 60056K, committed 60736K, reserved 491520K
  class space    used 8479K, committed 8768K, reserved 425984K
}
Event: 13.110 GC heap before
{Heap before GC invocations=21 (full 0):
 garbage-first heap   total 103424K, used 83271K [0x0000000080000000, 0x0000000100000000)
  region size 1024K, 26 young (26624K), 1 survivors (1024K)
 Metaspace       used 62302K, committed 63040K, reserved 491520K
  class space    used 8846K, committed 9152K, reserved 425984K
}
Event: 13.114 GC heap after
{Heap after GC invocations=22 (full 0):
 garbage-first heap   total 103424K, used 58621K [0x0000000080000000, 0x0000000100000000)
  region size 1024K, 2 young (2048K), 2 survivors (2048K)
 Metaspace       used 62302K, committed 63040K, reserved 491520K
  class space    used 8846K, committed 9152K, reserved 425984K
}

